Copyright 1986-2018 Xilinx, Inc. All Rights Reserved.
-------------------------------------------------------------------------------------
| Tool Version : Vivado v.2018.2 (win64) Build 2258646 Thu Jun 14 20:03:12 MDT 2018
| Date         : Sun Dec 30 18:29:29 2018
| Host         : LAPTOP-QQKB7PCL running 64-bit major release  (build 9200)
| Command      : report_control_sets -verbose -file finalBox_control_sets_placed.rpt
| Design       : finalBox
| Device       : xc7z010
-------------------------------------------------------------------------------------

Control Set Information

Table of Contents
-----------------
1. Summary
2. Histogram
3. Flip-Flop Distribution
4. Detailed Control Set Information

1. Summary
----------

+----------------------------------------------------------+-------+
|                          Status                          | Count |
+----------------------------------------------------------+-------+
| Number of unique control sets                            |    99 |
| Unused register locations in slices containing registers |   586 |
+----------------------------------------------------------+-------+


2. Histogram
------------

+--------+--------------+
| Fanout | Control Sets |
+--------+--------------+
|      2 |           97 |
|    16+ |            2 |
+--------+--------------+


3. Flip-Flop Distribution
-------------------------

+--------------+-----------------------+------------------------+-----------------+--------------+
| Clock Enable | Synchronous Set/Reset | Asynchronous Set/Reset | Total Registers | Total Slices |
+--------------+-----------------------+------------------------+-----------------+--------------+
| No           | No                    | No                     |               0 |            0 |
| No           | No                    | Yes                    |             172 |           73 |
| No           | Yes                   | No                     |              64 |           32 |
| Yes          | No                    | No                     |               0 |            0 |
| Yes          | No                    | Yes                    |              66 |           13 |
| Yes          | Yes                   | No                     |               0 |            0 |
+--------------+-----------------------+------------------------+-----------------+--------------+


4. Detailed Control Set Information
-----------------------------------

+------------------------------------------------------+--------------------------------------+-----------------------------------------------------+------------------+----------------+
|                     Clock Signal                     |             Enable Signal            |                   Set/Reset Signal                  | Slice Load Count | Bel Load Count |
+------------------------------------------------------+--------------------------------------+-----------------------------------------------------+------------------+----------------+
|  clk_IBUF_BUFG                                       |                                      | Xbox_map/DFF_N_noReset_map/q_reg[0]_LDC_i_2__0_n_0  |                1 |              2 |
|  clk_IBUF_BUFG                                       |                                      | Xbox_map/DFF_N_noReset_map/q_reg[13]_LDC_i_1__0_n_0 |                1 |              2 |
|  clk_IBUF_BUFG                                       |                                      | Xbox_map/DFF_N_noReset_map/q_reg[0]_LDC_i_1__0_n_0  |                1 |              2 |
|  clk_IBUF_BUFG                                       |                                      | Xbox_map/DFF_N_noReset_map/q_reg[12]_LDC_i_1__0_n_0 |                1 |              2 |
|  clk_IBUF_BUFG                                       |                                      | Xbox_map/DFF_N_noReset_map/q_reg[13]_LDC_i_2__0_n_0 |                1 |              2 |
|  clk_IBUF_BUFG                                       |                                      | Xbox_map/DFF_N_noReset_map/q_reg[14]_LDC_i_2__0_n_0 |                1 |              2 |
|  clk_IBUF_BUFG                                       |                                      | Xbox_map/DFF_N_noReset_map/q_reg[11]_LDC_i_2__0_n_0 |                1 |              2 |
|  clk_IBUF_BUFG                                       |                                      | Xbox_map/DFF_N_noReset_map/q_reg[10]_LDC_i_2__0_n_0 |                1 |              2 |
|  clk_IBUF_BUFG                                       |                                      | Xbox_map/DFF_N_noReset_map/q_reg[11]_LDC_i_1__0_n_0 |                1 |              2 |
|  clk_IBUF_BUFG                                       |                                      | Xbox_map/DFF_N_noReset_map/q_reg[14]_LDC_i_1__0_n_0 |                1 |              2 |
|  clk_IBUF_BUFG                                       |                                      | Xbox_map/DFF_N_noReset_map/q_reg[10]_LDC_i_1__0_n_0 |                1 |              2 |
|  clk_IBUF_BUFG                                       |                                      | Xbox_map/DFF_N_noReset_map/q_reg[12]_LDC_i_2__0_n_0 |                1 |              2 |
|  clk_IBUF_BUFG                                       |                                      | Xbox_map/DFF_N_noReset_map/q_reg[15]_LDC_i_2__0_n_0 |                1 |              2 |
|  clk_IBUF_BUFG                                       |                                      | Xbox_map/DFF_N_noReset_map/q_reg[7]_LDC_i_1__0_n_0  |                1 |              2 |
|  clk_IBUF_BUFG                                       |                                      | Xbox_map/DFF_N_noReset_map/q_reg[5]_LDC_i_1__0_n_0  |                1 |              2 |
|  clk_IBUF_BUFG                                       |                                      | Xbox_map/DFF_N_noReset_map/q_reg[15]_LDC_i_1__0_n_0 |                1 |              2 |
|  clk_IBUF_BUFG                                       |                                      | Xbox_map/DFF_N_noReset_map/q_reg[7]_LDC_i_2__0_n_0  |                1 |              2 |
|  clk_IBUF_BUFG                                       |                                      | Xbox_map/DFF_N_noReset_map/q_reg[2]_LDC_i_2__0_n_0  |                1 |              2 |
|  clk_IBUF_BUFG                                       |                                      | Xbox_map/DFF_N_noReset_map/q_reg[4]_LDC_i_2__0_n_0  |                1 |              2 |
|  clk_IBUF_BUFG                                       |                                      | Xbox_map/DFF_N_noReset_map/q_reg[1]_LDC_i_1__0_n_0  |                1 |              2 |
|  clk_IBUF_BUFG                                       |                                      | Xbox_map/DFF_N_noReset_map/q_reg[4]_LDC_i_1__0_n_0  |                1 |              2 |
|  clk_IBUF_BUFG                                       |                                      | Xbox_map/DFF_N_noReset_map/q_reg[5]_LDC_i_2__0_n_0  |                1 |              2 |
|  clk_IBUF_BUFG                                       |                                      | Xbox_map/DFF_N_noReset_map/q_reg[1]_LDC_i_2__0_n_0  |                1 |              2 |
|  clk_IBUF_BUFG                                       |                                      | Xbox_map/DFF_N_noReset_map/q_reg[3]_LDC_i_1__0_n_0  |                1 |              2 |
|  Ybox_map/DFF_N_noReset_map/q_reg[7]_LDC_i_1_n_0     |                                      | Ybox_map/DFF_N_noReset_map/q_reg[7]_LDC_i_2_n_0     |                1 |              2 |
|  clk_IBUF_BUFG                                       |                                      | Xbox_map/DFF_N_noReset_map/q_reg[3]_LDC_i_2__0_n_0  |                1 |              2 |
|  clk_IBUF_BUFG                                       |                                      | Xbox_map/DFF_N_noReset_map/q_reg[2]_LDC_i_1__0_n_0  |                1 |              2 |
|  clk_IBUF_BUFG                                       |                                      | Xbox_map/DFF_N_noReset_map/q_reg[6]_LDC_i_1__0_n_0  |                1 |              2 |
|  clk_IBUF_BUFG                                       |                                      | Xbox_map/DFF_N_noReset_map/q_reg[6]_LDC_i_2__0_n_0  |                1 |              2 |
|  clk_IBUF_BUFG                                       |                                      | Xbox_map/DFF_N_noReset_map/q_reg[8]_LDC_i_2__0_n_0  |                1 |              2 |
|  clk_IBUF_BUFG                                       |                                      | Xbox_map/DFF_N_noReset_map/q_reg[8]_LDC_i_1__0_n_0  |                1 |              2 |
|  clk_IBUF_BUFG                                       |                                      | Xbox_map/DFF_N_noReset_map/q_reg[9]_LDC_i_1__0_n_0  |                1 |              2 |
|  clk_IBUF_BUFG                                       |                                      | Xbox_map/DFF_N_noReset_map/q_reg[9]_LDC_i_2__0_n_0  |                1 |              2 |
|  clk_IBUF_BUFG                                       |                                      | Ybox_map/DFF_N_noReset_map/q_reg[0]_LDC_i_1_n_0     |                1 |              2 |
|  clk_IBUF_BUFG                                       |                                      | Ybox_map/DFF_N_noReset_map/q_reg[0]_LDC_i_2_n_0     |                1 |              2 |
|  clk_IBUF_BUFG                                       |                                      | Ybox_map/DFF_N_noReset_map/q_reg[10]_LDC_i_2_n_0    |                1 |              2 |
|  clk_IBUF_BUFG                                       |                                      | Ybox_map/DFF_N_noReset_map/q_reg[10]_LDC_i_1_n_0    |                1 |              2 |
|  clk_IBUF_BUFG                                       |                                      | Ybox_map/DFF_N_noReset_map/q_reg[11]_LDC_i_1_n_0    |                1 |              2 |
|  clk_IBUF_BUFG                                       |                                      | Ybox_map/DFF_N_noReset_map/q_reg[11]_LDC_i_2_n_0    |                1 |              2 |
|  clk_IBUF_BUFG                                       |                                      | Ybox_map/DFF_N_noReset_map/q_reg[3]_LDC_i_2_n_0     |                1 |              2 |
|  clk_IBUF_BUFG                                       |                                      | Ybox_map/DFF_N_noReset_map/q_reg[14]_LDC_i_1_n_0    |                1 |              2 |
|  clk_IBUF_BUFG                                       |                                      | Ybox_map/DFF_N_noReset_map/q_reg[6]_LDC_i_1_n_0     |                1 |              2 |
|  clk_IBUF_BUFG                                       |                                      | Ybox_map/DFF_N_noReset_map/q_reg[12]_LDC_i_2_n_0    |                1 |              2 |
|  clk_IBUF_BUFG                                       |                                      | Ybox_map/DFF_N_noReset_map/q_reg[13]_LDC_i_1_n_0    |                1 |              2 |
|  clk_IBUF_BUFG                                       |                                      | Ybox_map/DFF_N_noReset_map/q_reg[15]_LDC_i_1_n_0    |                1 |              2 |
|  clk_IBUF_BUFG                                       |                                      | Ybox_map/DFF_N_noReset_map/q_reg[5]_LDC_i_1_n_0     |                1 |              2 |
|  clk_IBUF_BUFG                                       |                                      | Ybox_map/DFF_N_noReset_map/q_reg[14]_LDC_i_2_n_0    |                1 |              2 |
|  clk_IBUF_BUFG                                       |                                      | Ybox_map/DFF_N_noReset_map/q_reg[1]_LDC_i_2_n_0     |                1 |              2 |
|  clk_IBUF_BUFG                                       |                                      | Ybox_map/DFF_N_noReset_map/q_reg[2]_LDC_i_1_n_0     |                1 |              2 |
|  clk_IBUF_BUFG                                       |                                      | Ybox_map/DFF_N_noReset_map/q_reg[2]_LDC_i_2_n_0     |                1 |              2 |
|  clk_IBUF_BUFG                                       |                                      | Ybox_map/DFF_N_noReset_map/q_reg[12]_LDC_i_1_n_0    |                1 |              2 |
|  clk_IBUF_BUFG                                       |                                      | Ybox_map/DFF_N_noReset_map/q_reg[13]_LDC_i_2_n_0    |                1 |              2 |
|  clk_IBUF_BUFG                                       |                                      | Ybox_map/DFF_N_noReset_map/q_reg[1]_LDC_i_1_n_0     |                1 |              2 |
|  clk_IBUF_BUFG                                       |                                      | Ybox_map/DFF_N_noReset_map/q_reg[3]_LDC_i_1_n_0     |                1 |              2 |
|  clk_IBUF_BUFG                                       |                                      | Ybox_map/DFF_N_noReset_map/q_reg[4]_LDC_i_1_n_0     |                1 |              2 |
|  clk_IBUF_BUFG                                       |                                      | Ybox_map/DFF_N_noReset_map/q_reg[4]_LDC_i_2_n_0     |                1 |              2 |
|  clk_IBUF_BUFG                                       |                                      | Ybox_map/DFF_N_noReset_map/q_reg[5]_LDC_i_2_n_0     |                1 |              2 |
|  clk_IBUF_BUFG                                       |                                      | Ybox_map/DFF_N_noReset_map/q_reg[6]_LDC_i_2_n_0     |                1 |              2 |
|  clk_IBUF_BUFG                                       |                                      | Ybox_map/DFF_N_noReset_map/q_reg[15]_LDC_i_2_n_0    |                1 |              2 |
|  clk_IBUF_BUFG                                       |                                      | Ybox_map/DFF_N_noReset_map/q_reg[9]_LDC_i_2_n_0     |                1 |              2 |
|  clk_IBUF_BUFG                                       |                                      | Ybox_map/DFF_N_noReset_map/q_reg[9]_LDC_i_1_n_0     |                1 |              2 |
|  clk_IBUF_BUFG                                       |                                      | Ybox_map/DFF_N_noReset_map/q_reg[8]_LDC_i_1_n_0     |                1 |              2 |
|  clk_IBUF_BUFG                                       |                                      | Ybox_map/DFF_N_noReset_map/q_reg[7]_LDC_i_1_n_0     |                1 |              2 |
|  clk_IBUF_BUFG                                       |                                      | Ybox_map/DFF_N_noReset_map/q_reg[7]_LDC_i_2_n_0     |                1 |              2 |
|  clk_IBUF_BUFG                                       |                                      | Ybox_map/DFF_N_noReset_map/q_reg[8]_LDC_i_2_n_0     |                1 |              2 |
|  clk_IBUF_BUFG                                       | Counter_map/DFF_N_MAP/data_valid_reg | theta_DFF_N/q_reg[31]_0                             |                1 |              2 |
|  Xbox_map/DFF_N_noReset_map/q_reg[13]_LDC_i_1__0_n_0 |                                      | Xbox_map/DFF_N_noReset_map/q_reg[13]_LDC_i_2__0_n_0 |                1 |              2 |
|  Xbox_map/DFF_N_noReset_map/q_reg[0]_LDC_i_1__0_n_0  |                                      | Xbox_map/DFF_N_noReset_map/q_reg[0]_LDC_i_2__0_n_0  |                1 |              2 |
|  Xbox_map/DFF_N_noReset_map/q_reg[12]_LDC_i_1__0_n_0 |                                      | Xbox_map/DFF_N_noReset_map/q_reg[12]_LDC_i_2__0_n_0 |                1 |              2 |
|  Xbox_map/DFF_N_noReset_map/q_reg[11]_LDC_i_1__0_n_0 |                                      | Xbox_map/DFF_N_noReset_map/q_reg[11]_LDC_i_2__0_n_0 |                1 |              2 |
|  Xbox_map/DFF_N_noReset_map/q_reg[14]_LDC_i_1__0_n_0 |                                      | Xbox_map/DFF_N_noReset_map/q_reg[14]_LDC_i_2__0_n_0 |                1 |              2 |
|  Xbox_map/DFF_N_noReset_map/q_reg[10]_LDC_i_1__0_n_0 |                                      | Xbox_map/DFF_N_noReset_map/q_reg[10]_LDC_i_2__0_n_0 |                1 |              2 |
|  Xbox_map/DFF_N_noReset_map/q_reg[7]_LDC_i_1__0_n_0  |                                      | Xbox_map/DFF_N_noReset_map/q_reg[7]_LDC_i_2__0_n_0  |                1 |              2 |
|  Xbox_map/DFF_N_noReset_map/q_reg[5]_LDC_i_1__0_n_0  |                                      | Xbox_map/DFF_N_noReset_map/q_reg[5]_LDC_i_2__0_n_0  |                1 |              2 |
|  Xbox_map/DFF_N_noReset_map/q_reg[15]_LDC_i_1__0_n_0 |                                      | Xbox_map/DFF_N_noReset_map/q_reg[15]_LDC_i_2__0_n_0 |                1 |              2 |
|  Xbox_map/DFF_N_noReset_map/q_reg[1]_LDC_i_1__0_n_0  |                                      | Xbox_map/DFF_N_noReset_map/q_reg[1]_LDC_i_2__0_n_0  |                1 |              2 |
|  Xbox_map/DFF_N_noReset_map/q_reg[4]_LDC_i_1__0_n_0  |                                      | Xbox_map/DFF_N_noReset_map/q_reg[4]_LDC_i_2__0_n_0  |                1 |              2 |
|  Xbox_map/DFF_N_noReset_map/q_reg[3]_LDC_i_1__0_n_0  |                                      | Xbox_map/DFF_N_noReset_map/q_reg[3]_LDC_i_2__0_n_0  |                1 |              2 |
|  Xbox_map/DFF_N_noReset_map/q_reg[2]_LDC_i_1__0_n_0  |                                      | Xbox_map/DFF_N_noReset_map/q_reg[2]_LDC_i_2__0_n_0  |                1 |              2 |
|  Xbox_map/DFF_N_noReset_map/q_reg[6]_LDC_i_1__0_n_0  |                                      | Xbox_map/DFF_N_noReset_map/q_reg[6]_LDC_i_2__0_n_0  |                1 |              2 |
|  Xbox_map/DFF_N_noReset_map/q_reg[8]_LDC_i_1__0_n_0  |                                      | Xbox_map/DFF_N_noReset_map/q_reg[8]_LDC_i_2__0_n_0  |                1 |              2 |
|  Xbox_map/DFF_N_noReset_map/q_reg[9]_LDC_i_1__0_n_0  |                                      | Xbox_map/DFF_N_noReset_map/q_reg[9]_LDC_i_2__0_n_0  |                1 |              2 |
|  Ybox_map/DFF_N_noReset_map/q_reg[0]_LDC_i_1_n_0     |                                      | Ybox_map/DFF_N_noReset_map/q_reg[0]_LDC_i_2_n_0     |                1 |              2 |
|  Ybox_map/DFF_N_noReset_map/q_reg[10]_LDC_i_1_n_0    |                                      | Ybox_map/DFF_N_noReset_map/q_reg[10]_LDC_i_2_n_0    |                1 |              2 |
|  Ybox_map/DFF_N_noReset_map/q_reg[11]_LDC_i_1_n_0    |                                      | Ybox_map/DFF_N_noReset_map/q_reg[11]_LDC_i_2_n_0    |                1 |              2 |
|  Ybox_map/DFF_N_noReset_map/q_reg[14]_LDC_i_1_n_0    |                                      | Ybox_map/DFF_N_noReset_map/q_reg[14]_LDC_i_2_n_0    |                1 |              2 |
|  Ybox_map/DFF_N_noReset_map/q_reg[6]_LDC_i_1_n_0     |                                      | Ybox_map/DFF_N_noReset_map/q_reg[6]_LDC_i_2_n_0     |                1 |              2 |
|  Ybox_map/DFF_N_noReset_map/q_reg[13]_LDC_i_1_n_0    |                                      | Ybox_map/DFF_N_noReset_map/q_reg[13]_LDC_i_2_n_0    |                1 |              2 |
|  Ybox_map/DFF_N_noReset_map/q_reg[15]_LDC_i_1_n_0    |                                      | Ybox_map/DFF_N_noReset_map/q_reg[15]_LDC_i_2_n_0    |                1 |              2 |
|  Ybox_map/DFF_N_noReset_map/q_reg[5]_LDC_i_1_n_0     |                                      | Ybox_map/DFF_N_noReset_map/q_reg[5]_LDC_i_2_n_0     |                1 |              2 |
|  Ybox_map/DFF_N_noReset_map/q_reg[2]_LDC_i_1_n_0     |                                      | Ybox_map/DFF_N_noReset_map/q_reg[2]_LDC_i_2_n_0     |                1 |              2 |
|  Ybox_map/DFF_N_noReset_map/q_reg[12]_LDC_i_1_n_0    |                                      | Ybox_map/DFF_N_noReset_map/q_reg[12]_LDC_i_2_n_0    |                1 |              2 |
|  Ybox_map/DFF_N_noReset_map/q_reg[1]_LDC_i_1_n_0     |                                      | Ybox_map/DFF_N_noReset_map/q_reg[1]_LDC_i_2_n_0     |                1 |              2 |
|  Ybox_map/DFF_N_noReset_map/q_reg[3]_LDC_i_1_n_0     |                                      | Ybox_map/DFF_N_noReset_map/q_reg[3]_LDC_i_2_n_0     |                1 |              2 |
|  Ybox_map/DFF_N_noReset_map/q_reg[4]_LDC_i_1_n_0     |                                      | Ybox_map/DFF_N_noReset_map/q_reg[4]_LDC_i_2_n_0     |                1 |              2 |
|  Ybox_map/DFF_N_noReset_map/q_reg[9]_LDC_i_1_n_0     |                                      | Ybox_map/DFF_N_noReset_map/q_reg[9]_LDC_i_2_n_0     |                1 |              2 |
|  Ybox_map/DFF_N_noReset_map/q_reg[8]_LDC_i_1_n_0     |                                      | Ybox_map/DFF_N_noReset_map/q_reg[8]_LDC_i_2_n_0     |                1 |              2 |
|  clk_IBUF_BUFG                                       |                                      | theta_DFF_N/q_reg[31]_0                             |                9 |             44 |
|  clk_IBUF_BUFG                                       | en                                   | theta_DFF_N/q_reg[31]_0                             |               12 |             64 |
+------------------------------------------------------+--------------------------------------+-----------------------------------------------------+------------------+----------------+


